<?xml version="1.0" encoding="UTF-8" standalone="no"?>
<testsuite failures="0" name="Scenarios to verify sendmail with different mail types" skipped="0" tests="3" time="9.828014">
<testcase classname="features.mail.sendMail" name="send mail with only mandatory parameters" time="4.348336">
<system-out><![CDATA[* url serverUrl.............................................................passed
* def basicAuth = read('classpath:sign-in.js')..............................passed
* def poleary = call basicAuth {username: 'poleary', password: #(password)}.passed
* def tyeung = call basicAuth {username: 'tyeung', password: #(password)}...passed
* header Authorization = poleary............................................passed
* header Content-Type = 'multipart/mixed; boundary="myboundary"'............passed
* path 'api','projects',  projectID, 'mail'.................................passed
* def requestBody = mailUtils.updateMailSubject(inputDataPath+'/mails/Transmittal').passed
* request requestBody.......................................................passed
* method POST...............................................................passed
* print response............................................................passed
* status 200................................................................passed
]]></system-out>
</testcase>
<testcase classname="features.mail.sendMail" name="list inbox mail" time="1.870921">
<system-out><![CDATA[* url serverUrl.............................................................passed
* def basicAuth = read('classpath:sign-in.js')..............................passed
* def poleary = call basicAuth {username: 'poleary', password: #(password)}.passed
* def tyeung = call basicAuth {username: 'tyeung', password: #(password)}...passed
* header Authorization = poleary............................................passed
* header Content-Type = 'multipart/mixed; boundary="myboundary"'............passed
* header Accept = 'application/vnd.aconex.mail.v2+xml'......................passed
* path 'api','projects',  projectID, 'mail'.................................passed
* params {mail_box:'inbox' }................................................passed
* method GET................................................................passed
* print response............................................................passed
* status 200................................................................passed
]]></system-out>
</testcase>
<testcase classname="features.mail.sendMail" name="send mail with local document Attachment" time="3.608757">
<system-out><![CDATA[* url serverUrl.............................................................passed
* def basicAuth = read('classpath:sign-in.js')..............................passed
* def poleary = call basicAuth {username: 'poleary', password: #(password)}.passed
* def tyeung = call basicAuth {username: 'tyeung', password: #(password)}...passed
* header Authorization = poleary............................................passed
* header Content-Type = 'multipart/mixed; boundary="myboundary"'............passed
* path 'api','projects',  projectID, 'mail'.................................passed
* def requestBody = mailUtils.updateMailSubject(inputDataPath+'/mails/SubcontractorsAdvice').passed
* request requestBody.......................................................passed
* method POST...............................................................passed
* print response............................................................passed
* status 200................................................................passed
* def mailNumber = //NewMailId..............................................passed
* path 'api','projects', projectID,'mail', mailNumber.......................passed
* header Authorization = tyeung.............................................passed
* header Accept = 'application/vnd.aconex.mail.v2+xml'......................passed
* method GET................................................................passed
* print response............................................................passed
* match //FileName == 'ruby_testing.txt'....................................passed
]]></system-out>
</testcase>
</testsuite>
